Watching for file changes with StatReloader
C:\Users\Asus\Desktop\GeekBrains\Marketplace\marketplace\marketplace\settings.py changed, reloading.
Watching for file changes with StatReloader
"GET / HTTP/1.1" 200 3
C:\Users\Asus\Desktop\GeekBrains\Marketplace\marketplace\web_market_app\views.py changed, reloading.
Watching for file changes with StatReloader
INFO 2024-02-10 19:47:52,198 autoreload 11012 22068 Watching for file changes with StatReloader
INFO 2024-02-11 10:06:18,999 autoreload 38416 38476 Watching for file changes with StatReloader
INFO 2024-02-11 12:33:41,743 autoreload 37064 12092 Watching for file changes with StatReloader
INFO 2024-02-11 12:34:25,812 autoreload 37064 12092 C:\Users\Asus\Desktop\GeekBrains\Marketplace\marketplace\marketplace\settings.py changed, reloading.
INFO 2024-02-11 12:34:26,379 autoreload 35324 36656 Watching for file changes with StatReloader
INFO 2024-02-11 12:35:07,249 autoreload 35324 36656 C:\Users\Asus\Desktop\GeekBrains\Marketplace\marketplace\marketplace\settings.py changed, reloading.
INFO 2024-02-11 12:35:07,845 autoreload 10996 6484 Watching for file changes with StatReloader
INFO 2024-02-11 12:35:18,263 autoreload 10996 6484 C:\Users\Asus\Desktop\GeekBrains\Marketplace\marketplace\marketplace\settings.py changed, reloading.
INFO 2024-02-11 12:35:18,832 autoreload 6360 25496 Watching for file changes with StatReloader
INFO 2024-02-11 20:50:45,908 autoreload 37576 9516 Watching for file changes with StatReloader
INFO 2024-02-11 20:51:01,429 autoreload 37576 9516 C:\Users\Asus\Desktop\GeekBrains\Marketplace\marketplace\marketplace\settings.py changed, reloading.
INFO 2024-02-11 20:51:01,916 autoreload 1604 11620 Watching for file changes with StatReloader
INFO 2024-02-11 20:54:43,735 autoreload 1604 11620 C:\Users\Asus\Desktop\GeekBrains\Marketplace\marketplace\marketplace\settings.py changed, reloading.
INFO 2024-02-11 20:54:44,331 autoreload 7916 7356 Watching for file changes with StatReloader
INFO 2024-02-11 20:55:14,013 autoreload 7916 7356 C:\Users\Asus\Desktop\GeekBrains\Marketplace\marketplace\marketplace\settings.py changed, reloading.
INFO 2024-02-11 20:55:14,512 autoreload 29308 28340 Watching for file changes with StatReloader
INFO 2024-02-11 20:55:22,870 autoreload 29308 28340 C:\Users\Asus\Desktop\GeekBrains\Marketplace\marketplace\marketplace\settings.py changed, reloading.
INFO 2024-02-11 20:55:23,397 autoreload 16964 29088 Watching for file changes with StatReloader
INFO 2024-02-11 20:56:06,345 autoreload 16964 29088 C:\Users\Asus\Desktop\GeekBrains\Marketplace\marketplace\marketplace\settings.py changed, reloading.
INFO 2024-02-11 20:56:07,069 autoreload 13708 17888 Watching for file changes with StatReloader
INFO 2024-02-11 20:58:17,657 autoreload 13708 17888 C:\Users\Asus\Desktop\GeekBrains\Marketplace\marketplace\marketplace\settings.py changed, reloading.
INFO 2024-02-11 20:58:18,268 autoreload 33788 9740 Watching for file changes with StatReloader
INFO 2024-02-11 21:00:10,440 autoreload 33788 9740 C:\Users\Asus\Desktop\GeekBrains\Marketplace\marketplace\marketplace\settings.py changed, reloading.
INFO 2024-02-11 21:00:11,081 autoreload 18764 33224 Watching for file changes with StatReloader
INFO 2024-02-11 21:05:49,590 autoreload 29808 832 Watching for file changes with StatReloader
INFO 2024-02-11 21:21:30,253 autoreload 29808 832 C:\Users\Asus\Desktop\GeekBrains\Marketplace\marketplace\marketplace\settings.py changed, reloading.
INFO 2024-02-11 21:21:30,826 autoreload 29628 4180 Watching for file changes with StatReloader
INFO 2024-02-11 21:21:48,200 autoreload 29628 4180 C:\Users\Asus\Desktop\GeekBrains\Marketplace\marketplace\marketplace\settings.py changed, reloading.
INFO 2024-02-11 21:21:48,723 autoreload 34356 36408 Watching for file changes with StatReloader
INFO 2024-02-15 23:25:20,166 autoreload 23024 19096 Watching for file changes with StatReloader
INFO 2024-02-15 23:25:30,417 autoreload 25892 7508 Watching for file changes with StatReloader
INFO 2024-02-15 23:26:36,505 autoreload 25892 7508 C:\Users\Asus\Desktop\GeekBrains\Marketplace\marketplace\web_market_app\processes.py changed, reloading.
INFO 2024-02-15 23:26:37,001 autoreload 4588 13160 Watching for file changes with StatReloader
INFO 2024-02-16 10:48:28,527 autoreload 24848 9992 Watching for file changes with StatReloader
